<?xml version="1.0" encoding="UTF-8"?>
<testsuite xmlns:xsi="http://www.w3.org/2001/XMLSchema-instance" xsi:noNamespaceSchemaLocation="https://maven.apache.org/surefire/maven-surefire-plugin/xsd/surefire-test-report.xsd" name="GenericStackTest" time="0.019" tests="21" errors="0" skipped="0" failures="0">
  <properties>
    <property name="sun.desktop" value="windows"/>
    <property name="awt.toolkit" value="sun.awt.windows.WToolkit"/>
    <property name="java.specification.version" value="11"/>
    <property name="sun.cpu.isalist" value="amd64"/>
    <property name="sun.jnu.encoding" value="Cp1252"/>
    <property name="java.class.path" value="C:\Users\tanuj\Desktop\Study\Sem 4\CS 342\Projects\GLMaven_Project1_SP2021\GLMaven_Project1_SP2021\target\test-classes;C:\Users\tanuj\Desktop\Study\Sem 4\CS 342\Projects\GLMaven_Project1_SP2021\GLMaven_Project1_SP2021\target\classes;C:\Users\tanuj\.m2\repository\org\junit\jupiter\junit-jupiter\5.6.2\junit-jupiter-5.6.2.jar;C:\Users\tanuj\.m2\repository\org\junit\jupiter\junit-jupiter-api\5.6.2\junit-jupiter-api-5.6.2.jar;C:\Users\tanuj\.m2\repository\org\apiguardian\apiguardian-api\1.1.0\apiguardian-api-1.1.0.jar;C:\Users\tanuj\.m2\repository\org\opentest4j\opentest4j\1.2.0\opentest4j-1.2.0.jar;C:\Users\tanuj\.m2\repository\org\junit\platform\junit-platform-commons\1.6.2\junit-platform-commons-1.6.2.jar;C:\Users\tanuj\.m2\repository\org\junit\jupiter\junit-jupiter-params\5.6.2\junit-jupiter-params-5.6.2.jar;C:\Users\tanuj\.m2\repository\org\junit\jupiter\junit-jupiter-engine\5.6.2\junit-jupiter-engine-5.6.2.jar;C:\Users\tanuj\.m2\repository\org\junit\platform\junit-platform-engine\1.6.2\junit-platform-engine-1.6.2.jar;"/>
    <property name="java.vm.vendor" value="AdoptOpenJDK"/>
    <property name="sun.arch.data.model" value="64"/>
    <property name="user.variant" value=""/>
    <property name="java.vendor.url" value="https://adoptopenjdk.net/"/>
    <property name="user.timezone" value="America/Chicago"/>
    <property name="java.vm.specification.version" value="11"/>
    <property name="os.name" value="Windows 10"/>
    <property name="sun.java.launcher" value="SUN_STANDARD"/>
    <property name="user.country" value="US"/>
    <property name="sun.boot.library.path" value="C:\Program Files\AdoptOpenJDK\jdk-11.0.10.9-hotspot\bin"/>
    <property name="sun.java.command" value="C:\Users\tanuj\AppData\Local\Temp\surefire10780610475450888728\surefirebooter15369429170458102159.jar C:\Users\tanuj\AppData\Local\Temp\surefire10780610475450888728 2021-02-15T23-18-20_683-jvmRun1 surefire15447396568467207919tmp surefire_01581422507565804812tmp"/>
    <property name="jdk.debug" value="release"/>
    <property name="surefire.test.class.path" value="C:\Users\tanuj\Desktop\Study\Sem 4\CS 342\Projects\GLMaven_Project1_SP2021\GLMaven_Project1_SP2021\target\test-classes;C:\Users\tanuj\Desktop\Study\Sem 4\CS 342\Projects\GLMaven_Project1_SP2021\GLMaven_Project1_SP2021\target\classes;C:\Users\tanuj\.m2\repository\org\junit\jupiter\junit-jupiter\5.6.2\junit-jupiter-5.6.2.jar;C:\Users\tanuj\.m2\repository\org\junit\jupiter\junit-jupiter-api\5.6.2\junit-jupiter-api-5.6.2.jar;C:\Users\tanuj\.m2\repository\org\apiguardian\apiguardian-api\1.1.0\apiguardian-api-1.1.0.jar;C:\Users\tanuj\.m2\repository\org\opentest4j\opentest4j\1.2.0\opentest4j-1.2.0.jar;C:\Users\tanuj\.m2\repository\org\junit\platform\junit-platform-commons\1.6.2\junit-platform-commons-1.6.2.jar;C:\Users\tanuj\.m2\repository\org\junit\jupiter\junit-jupiter-params\5.6.2\junit-jupiter-params-5.6.2.jar;C:\Users\tanuj\.m2\repository\org\junit\jupiter\junit-jupiter-engine\5.6.2\junit-jupiter-engine-5.6.2.jar;C:\Users\tanuj\.m2\repository\org\junit\platform\junit-platform-engine\1.6.2\junit-platform-engine-1.6.2.jar;"/>
    <property name="sun.cpu.endian" value="little"/>
    <property name="user.home" value="C:\Users\tanuj"/>
    <property name="user.language" value="en"/>
    <property name="java.specification.vendor" value="Oracle Corporation"/>
    <property name="java.version.date" value="2021-01-19"/>
    <property name="java.home" value="C:\Program Files\AdoptOpenJDK\jdk-11.0.10.9-hotspot"/>
    <property name="file.separator" value="\"/>
    <property name="basedir" value="C:\Users\tanuj\Desktop\Study\Sem 4\CS 342\Projects\GLMaven_Project1_SP2021\GLMaven_Project1_SP2021"/>
    <property name="java.vm.compressedOopsMode" value="Zero based"/>
    <property name="line.separator" value="&#10;"/>
    <property name="java.specification.name" value="Java Platform API Specification"/>
    <property name="java.vm.specification.vendor" value="Oracle Corporation"/>
    <property name="java.awt.graphicsenv" value="sun.awt.Win32GraphicsEnvironment"/>
    <property name="surefire.real.class.path" value="C:\Users\tanuj\AppData\Local\Temp\surefire10780610475450888728\surefirebooter15369429170458102159.jar"/>
    <property name="user.script" value=""/>
    <property name="sun.management.compiler" value="HotSpot 64-Bit Tiered Compilers"/>
    <property name="java.runtime.version" value="11.0.10+9"/>
    <property name="user.name" value="tanuj"/>
    <property name="path.separator" value=";"/>
    <property name="os.version" value="10.0"/>
    <property name="java.runtime.name" value="OpenJDK Runtime Environment"/>
    <property name="file.encoding" value="Cp1252"/>
    <property name="java.vm.name" value="OpenJDK 64-Bit Server VM"/>
    <property name="java.vendor.version" value="AdoptOpenJDK"/>
    <property name="localRepository" value="C:\Users\tanuj\.m2\repository"/>
    <property name="java.vendor.url.bug" value="https://github.com/AdoptOpenJDK/openjdk-support/issues"/>
    <property name="java.io.tmpdir" value="C:\Users\tanuj\AppData\Local\Temp\"/>
    <property name="java.version" value="11.0.10"/>
    <property name="user.dir" value="C:\Users\tanuj\Desktop\Study\Sem 4\CS 342\Projects\GLMaven_Project1_SP2021\GLMaven_Project1_SP2021"/>
    <property name="os.arch" value="amd64"/>
    <property name="java.vm.specification.name" value="Java Virtual Machine Specification"/>
    <property name="java.awt.printerjob" value="sun.awt.windows.WPrinterJob"/>
    <property name="sun.os.patch.level" value=""/>
    <property name="java.library.path" value="C:\Program Files\AdoptOpenJDK\jdk-11.0.10.9-hotspot\bin;C:\WINDOWS\Sun\Java\bin;C:\WINDOWS\system32;C:\WINDOWS;C:\Program Files\AdoptOpenJDK\jdk-11.0.10.9-hotspot\bin;C:\Program Files (x86)\Common Files\Oracle\Java\javapath;C:\Program Files (x86)\Intel\Intel(R) Management Engine Components\iCLS\;C:\Program Files\Intel\Intel(R) Management Engine Components\iCLS\;C:\WINDOWS\system32;C:\WINDOWS;C:\WINDOWS\System32\Wbem;C:\WINDOWS\System32\WindowsPowerShell\v1.0\;C:\WINDOWS\System32\OpenSSH\;C:\Program Files (x86)\Intel\Intel(R) Management Engine Components\DAL;C:\Program Files\Intel\Intel(R) Management Engine Components\DAL;C:\Android;C:\Windows\System32;C:\MinGW\bin;C:\TDM-GCC-64\bin;C:\Program Files\Microsoft SQL Server\Client SDK\ODBC\110\Tools\Binn\;C:\Program Files (x86)\Microsoft SQL Server\120\Tools\Binn\;C:\Program Files\Microsoft SQL Server\120\Tools\Binn\;C:\Program Files\Microsoft SQL Server\120\DTS\Binn\;C:\Program Files (x86)\Windows Kits\8.1\Windows Performance Toolkit\;C:\Program Files\PuTTY\;C:\Program Files\apache-maven-3.6.3-bin\apache-maven-3.6.3\bin;C:\Program Files\Git\cmd;C:\Program Files\MATLAB\R2020b\bin;C:\Users\tanuj\AppData\Local\Programs\Python\Python38\Scripts\;C:\Users\tanuj\AppData\Local\Programs\Python\Python38\;C:\Users\tanuj\AppData\Local\Programs\Python\Python38-32\Scripts\;C:\Users\tanuj\AppData\Local\Programs\Python\Python38-32\;C:\Users\tanuj\AppData\Local\Programs\Python\Python39\Scripts\;C:\Users\tanuj\AppData\Local\Programs\Python\Python39\;C:\Users\tanuj\AppData\Local\Programs\Python\Python37-32\Scripts\;C:\Users\tanuj\AppData\Local\Programs\Python\Python37-32\;C:\Users\tanuj\AppData\Local\Microsoft\WindowsApps;C:\Program Files\JetBrains\PyCharm Community Edition 2019.2.1\bin;;C:\Users\tanuj\AppData\Local\JetBrains\CLion 2019.3.3\bin;;C:\Users\tanuj\AppData\Local\Programs\Microsoft VS Code\bin;C:\Program Files (x86)\mingw-w64\i686-8.1.0-posix-dwarf-rt_v6-rev0\mingw32\bin;C:\Users\tanuj\AppData\Local\GitHubDesktop\bin;."/>
    <property name="java.vm.info" value="mixed mode"/>
    <property name="java.vendor" value="AdoptOpenJDK"/>
    <property name="java.vm.version" value="11.0.10+9"/>
    <property name="sun.io.unicode.encoding" value="UnicodeLittle"/>
    <property name="java.class.version" value="55.0"/>
  </properties>
  <testcase name="setGetLengthTest" classname="GenericStackTest" time="0.016"/>
  <testcase name="constructorTest" classname="GenericStackTest" time="0"/>
  <testcase name="popTestOneElement" classname="GenericStackTest" time="0"/>
  <testcase name="setGetTest" classname="GenericStackTest" time="0"/>
  <testcase name="listIteratorTest" classname="GenericStackTest" time="0"/>
  <testcase name="popTest" classname="GenericStackTest" time="0"/>
  <testcase name="popTestEmpty" classname="GenericStackTest" time="0"/>
  <testcase name="getSetHeadTest" classname="GenericStackTest" time="0"/>
  <testcase name="iteratorTest" classname="GenericStackTest" time="0"/>
  <testcase name="pushTestEmpty" classname="GenericStackTest" time="0"/>
  <testcase name="listIteratorTest2" classname="GenericStackTest" time="0"/>
  <testcase name="listIteratorTest3" classname="GenericStackTest" time="0"/>
  <testcase name="listIteratorTest4" classname="GenericStackTest" time="0"/>
  <testcase name="dumpListTest" classname="GenericStackTest" time="0"/>
  <testcase name="descendingIteratorTest2" classname="GenericStackTest" time="0"/>
  <testcase name="pushTest" classname="GenericStackTest" time="0"/>
  <testcase name="addGetTest" classname="GenericStackTest" time="0"/>
  <testcase name="descendingIteratorTest" classname="GenericStackTest" time="0"/>
  <testcase name="removeTailTest" classname="GenericStackTest" time="0"/>
  <testcase name="removeTailTest2" classname="GenericStackTest" time="0"/>
  <testcase name="removeTailTest3" classname="GenericStackTest" time="0"/>
</testsuite>